Started GET "/" for ::1 at 2020-10-09 12:13:11 -0500
Processing by VisitorController#index as HTML
  Rendering visitor/index.html.haml within layouts/application
  Rendered visitor/index.html.haml within layouts/application (52.8ms)
Completed 200 OK in 310ms (Views: 227.1ms)


Started GET "/" for ::1 at 2020-10-09 12:23:30 -0500
Processing by VisitorController#index as HTML
  Rendering visitor/index.html.haml within layouts/application
  Rendered visitor/index.html.haml within layouts/application (2.8ms)
  Rendered layouts/_header.html.haml (4.7ms)
  Rendered layouts/_footer.html.haml (1.1ms)
Completed 200 OK in 22ms (Views: 21.2ms)


Started GET "/" for ::1 at 2020-10-09 12:25:26 -0500
Processing by VisitorController#index as HTML
  Rendering visitor/index.html.haml within layouts/application
  Rendered visitor/index.html.haml within layouts/application (1.8ms)
  Rendered layouts/_header.html.haml (3.7ms)
  Rendered layouts/_footer.html.haml (1.0ms)
Completed 200 OK in 18ms (Views: 17.7ms)


Started GET "/" for ::1 at 2020-10-09 12:25:38 -0500
Processing by VisitorController#index as HTML
  Rendering visitor/index.html.haml within layouts/application
  Rendered visitor/index.html.haml within layouts/application (2.1ms)
  Rendered layouts/_header.html.haml (4.2ms)
  Rendered layouts/_footer.html.haml (1.2ms)
Completed 200 OK in 42ms (Views: 41.2ms)


Started GET "/" for ::1 at 2020-10-09 12:26:06 -0500
Processing by VisitorController#index as HTML
  Rendering visitor/index.html.haml within layouts/application
  Rendered visitor/index.html.haml within layouts/application (1.7ms)
  Rendered layouts/_header.html.haml (3.0ms)
  Rendered layouts/_footer.html.haml (1.3ms)
Completed 200 OK in 15ms (Views: 14.9ms)


Started GET "/" for ::1 at 2020-10-09 12:27:39 -0500
Processing by VisitorController#index as HTML
  Rendering visitor/index.html.haml within layouts/application
  Rendered visitor/index.html.haml within layouts/application (1.7ms)
  Rendered layouts/_header.html.haml (3.5ms)
  Rendered layouts/_footer.html.haml (1.0ms)
Completed 200 OK in 17ms (Views: 16.7ms)


Started GET "/" for ::1 at 2020-10-09 12:27:51 -0500
Processing by VisitorController#index as HTML
  Rendering visitor/index.html.haml within layouts/application
  Rendered visitor/index.html.haml within layouts/application (1.6ms)
  Rendered layouts/_header.html.haml (3.1ms)
  Rendered layouts/_footer.html.haml (0.9ms)
Completed 200 OK in 15ms (Views: 14.3ms)


Started GET "/" for ::1 at 2020-10-09 12:28:02 -0500
Processing by VisitorController#index as HTML
  Rendering visitor/index.html.haml within layouts/application
  Rendered visitor/index.html.haml within layouts/application (1.9ms)
  Rendered layouts/_header.html.haml (2.9ms)
  Rendered layouts/_footer.html.haml (1.0ms)
Completed 200 OK in 16ms (Views: 15.2ms)


Started GET "/" for ::1 at 2020-10-09 12:28:34 -0500
Processing by VisitorController#index as HTML
  Rendering visitor/index.html.haml within layouts/application
  Rendered visitor/index.html.haml within layouts/application (1.7ms)
  Rendered layouts/_header.html.haml (3.6ms)
  Rendered layouts/_footer.html.haml (1.0ms)
Completed 200 OK in 26ms (Views: 25.9ms)


Started GET "/" for ::1 at 2020-10-09 12:29:50 -0500
Processing by VisitorController#index as HTML
  Rendering visitor/index.html.haml within layouts/application
  Rendered visitor/index.html.haml within layouts/application (1.9ms)
  Rendered layouts/_header.html.haml (2.7ms)
  Rendered layouts/_footer.html.haml (0.9ms)
Completed 200 OK in 15ms (Views: 14.3ms)


Started GET "/" for ::1 at 2020-10-09 12:30:39 -0500
Processing by VisitorController#index as HTML
  Rendering visitor/index.html.haml within layouts/application
  Rendered visitor/index.html.haml within layouts/application (1.6ms)
  Rendered layouts/_header.html.haml (53.9ms)
Completed 500 Internal Server Error in 65ms


  
ActionView::Template::Error (undefined method `input_tag' for #<#<Class:0x00007f9405c0ee78>:0x00007f9405b61840>):
     9:         %ul.navbar-nav.mr-auto
    10:           %li.nav-item.active= link_to "Inicio", root_path, class: "nav-link"
    11:         = form_tag root_path, class: "form-inline mt-2 mt-md-0" do
    12:           = input_tag :s, class: "form-control mr-sm-2", placeholder: "Search", type: "text"
    13:           %button.btn.btn-outline-success.my-2.my-sm-0{:type => "submit"} Search
  
app/views/layouts/_header.html.haml:12:in `block in _app_views_layouts__header_html_haml__448307453188093726_70136819103140'
app/views/layouts/_header.html.haml:11:in `_app_views_layouts__header_html_haml__448307453188093726_70136819103140'
app/views/layouts/application.html.haml:17:in `_app_views_layouts_application_html_haml__2646063628231274530_70136819012320'
Started GET "/" for ::1 at 2020-10-09 12:30:48 -0500
Processing by VisitorController#index as HTML
  Rendering visitor/index.html.haml within layouts/application
  Rendered visitor/index.html.haml within layouts/application (2.7ms)
  Rendered layouts/_header.html.haml (64.1ms)
Completed 500 Internal Server Error in 90ms


  
ActionView::Template::Error (undefined method `input_field' for #<#<Class:0x00007f9405c0ee78>:0x00007f94062906e8>):
     9:         %ul.navbar-nav.mr-auto
    10:           %li.nav-item.active= link_to "Inicio", root_path, class: "nav-link"
    11:         = form_tag root_path, class: "form-inline mt-2 mt-md-0" do
    12:           = input_field :s, class: "form-control mr-sm-2", placeholder: "Search", type: "text"
    13:           %button.btn.btn-outline-success.my-2.my-sm-0{:type => "submit"} Search
  
app/views/layouts/_header.html.haml:12:in `block in _app_views_layouts__header_html_haml__448307453188093726_70136863541900'
app/views/layouts/_header.html.haml:11:in `_app_views_layouts__header_html_haml__448307453188093726_70136863541900'
app/views/layouts/application.html.haml:17:in `_app_views_layouts_application_html_haml__2646063628231274530_70136867653660'
Started GET "/" for ::1 at 2020-10-09 12:31:25 -0500
Processing by VisitorController#index as HTML
  Rendering visitor/index.html.haml within layouts/application
  Rendered visitor/index.html.haml within layouts/application (1.6ms)
  Rendered layouts/_header.html.haml (3.5ms)
  Rendered layouts/_footer.html.haml (1.2ms)
Completed 200 OK in 18ms (Views: 17.4ms)


Started GET "/" for ::1 at 2020-10-09 12:31:39 -0500
Processing by VisitorController#index as HTML
  Rendering visitor/index.html.haml within layouts/application
  Rendered visitor/index.html.haml within layouts/application (1.5ms)
  Rendered layouts/_header.html.haml (14.4ms)
  Rendered layouts/_footer.html.haml (1.2ms)
Completed 200 OK in 26ms (Views: 25.6ms)


Started GET "/" for ::1 at 2020-10-09 12:32:38 -0500
Processing by VisitorController#index as HTML
  Rendering visitor/index.html.haml within layouts/application
  Rendered visitor/index.html.haml within layouts/application (1.9ms)
  Rendered layouts/_header.html.haml (3.6ms)
  Rendered layouts/_footer.html.haml (1.2ms)
Completed 200 OK in 18ms (Views: 17.7ms)


Started GET "/" for ::1 at 2020-10-09 12:32:55 -0500
Processing by VisitorController#index as HTML
  Rendering visitor/index.html.haml within layouts/application
  Rendered visitor/index.html.haml within layouts/application (1.7ms)
  Rendered layouts/_header.html.haml (3.9ms)
  Rendered layouts/_footer.html.haml (1.2ms)
Completed 200 OK in 16ms (Views: 15.6ms)


Started GET "/" for ::1 at 2020-10-09 12:33:10 -0500
Processing by VisitorController#index as HTML
  Rendering visitor/index.html.haml within layouts/application
  Rendered visitor/index.html.haml within layouts/application (1.6ms)
  Rendered layouts/_header.html.haml (2.7ms)
  Rendered layouts/_footer.html.haml (1.0ms)
Completed 200 OK in 14ms (Views: 13.7ms)


Started GET "/" for ::1 at 2020-10-09 12:33:19 -0500
Processing by VisitorController#index as HTML
  Rendering visitor/index.html.haml within layouts/application
  Rendered visitor/index.html.haml within layouts/application (1.7ms)
  Rendered layouts/_header.html.haml (3.0ms)
  Rendered layouts/_footer.html.haml (1.1ms)
Completed 200 OK in 15ms (Views: 14.5ms)


Started GET "/" for ::1 at 2020-10-09 12:33:20 -0500
Processing by VisitorController#index as HTML
  Rendering visitor/index.html.haml within layouts/application
  Rendered visitor/index.html.haml within layouts/application (1.7ms)
  Rendered layouts/_header.html.haml (12.2ms)
  Rendered layouts/_footer.html.haml (1.4ms)
Completed 200 OK in 26ms (Views: 24.9ms)


Started GET "/" for ::1 at 2020-10-09 12:33:43 -0500
Processing by VisitorController#index as HTML
  Rendering visitor/index.html.haml within layouts/application
  Rendered visitor/index.html.haml within layouts/application (1.7ms)
  Rendered layouts/_header.html.haml (3.4ms)
  Rendered layouts/_footer.html.haml (1.0ms)
Completed 200 OK in 18ms (Views: 17.2ms)


Started POST "/" for ::1 at 2020-10-09 12:33:46 -0500
  
ActionController::RoutingError (No route matches [POST] "/"):
  
actionpack (5.1.7) lib/action_dispatch/middleware/debug_exceptions.rb:63:in `call'
web-console (3.7.0) lib/web_console/middleware.rb:135:in `call_app'
web-console (3.7.0) lib/web_console/middleware.rb:30:in `block in call'
web-console (3.7.0) lib/web_console/middleware.rb:20:in `catch'
web-console (3.7.0) lib/web_console/middleware.rb:20:in `call'
actionpack (5.1.7) lib/action_dispatch/middleware/show_exceptions.rb:31:in `call'
railties (5.1.7) lib/rails/rack/logger.rb:36:in `call_app'
railties (5.1.7) lib/rails/rack/logger.rb:24:in `block in call'
activesupport (5.1.7) lib/active_support/tagged_logging.rb:69:in `block in tagged'
activesupport (5.1.7) lib/active_support/tagged_logging.rb:26:in `tagged'
activesupport (5.1.7) lib/active_support/tagged_logging.rb:69:in `tagged'
railties (5.1.7) lib/rails/rack/logger.rb:24:in `call'
sprockets-rails (3.2.2) lib/sprockets/rails/quiet_assets.rb:13:in `call'
actionpack (5.1.7) lib/action_dispatch/middleware/remote_ip.rb:79:in `call'
actionpack (5.1.7) lib/action_dispatch/middleware/request_id.rb:25:in `call'
rack (2.2.3) lib/rack/method_override.rb:24:in `call'
rack (2.2.3) lib/rack/runtime.rb:22:in `call'
activesupport (5.1.7) lib/active_support/cache/strategy/local_cache_middleware.rb:27:in `call'
actionpack (5.1.7) lib/action_dispatch/middleware/executor.rb:12:in `call'
actionpack (5.1.7) lib/action_dispatch/middleware/static.rb:125:in `call'
rack (2.2.3) lib/rack/sendfile.rb:110:in `call'
railties (5.1.7) lib/rails/engine.rb:522:in `call'
puma (3.12.6) lib/puma/configuration.rb:227:in `call'
puma (3.12.6) lib/puma/server.rb:706:in `handle_request'
puma (3.12.6) lib/puma/server.rb:476:in `process_client'
puma (3.12.6) lib/puma/server.rb:334:in `block in run'
puma (3.12.6) lib/puma/thread_pool.rb:135:in `block in spawn_thread'
Started GET "/" for ::1 at 2020-10-09 12:34:09 -0500
Processing by VisitorController#index as HTML
  Rendering visitor/index.html.haml within layouts/application
  Rendered visitor/index.html.haml within layouts/application (1.9ms)
  Rendered layouts/_header.html.haml (2.8ms)
  Rendered layouts/_footer.html.haml (1.0ms)
Completed 200 OK in 16ms (Views: 15.5ms)


Started GET "/?utf8=%E2%9C%93&s=test&commit=Buscar" for ::1 at 2020-10-09 12:34:11 -0500
Processing by VisitorController#index as HTML
  Parameters: {"utf8"=>"✓", "s"=>"test", "commit"=>"Buscar"}
  Rendering visitor/index.html.haml within layouts/application
  Rendered visitor/index.html.haml within layouts/application (1.6ms)
  Rendered layouts/_header.html.haml (3.0ms)
  Rendered layouts/_footer.html.haml (0.9ms)
Completed 200 OK in 16ms (Views: 15.3ms)


Started GET "/?utf8=%E2%9C%93&s=test&commit=Buscar" for ::1 at 2020-10-09 13:06:44 -0500
Processing by VisitorController#index as HTML
  Parameters: {"utf8"=>"✓", "s"=>"test", "commit"=>"Buscar"}
  Rendering visitor/index.html.haml within layouts/application
  Rendered visitor/index.html.haml within layouts/application (1.7ms)
  Rendered layouts/_header.html.haml (3.6ms)
Completed 500 Internal Server Error in 25ms


  
SyntaxError (/Users/luisarreola/Desktop/test_sd/app_deliver/app/views/layouts/_header.html.haml:16: syntax error, unexpected ensure, expecting end
          ensure
          ^~~~~~
/Users/luisarreola/Desktop/test_sd/app_deliver/app/views/layouts/_header.html.haml:18: syntax error, unexpected end-of-input, expecting end):
  
app/views/layouts/_header.html.haml:16: syntax error, unexpected ensure, expecting end
app/views/layouts/_header.html.haml:18: syntax error, unexpected end-of-input, expecting end
app/views/layouts/application.html.haml:17:in `_app_views_layouts_application_html_haml__2646063628231274530_70136867409920'
Started GET "/?utf8=%E2%9C%93&s=test&commit=Buscar" for ::1 at 2020-10-09 13:06:57 -0500
Processing by VisitorController#index as HTML
  Parameters: {"utf8"=>"✓", "s"=>"test", "commit"=>"Buscar"}
  Rendering visitor/index.html.haml within layouts/application
  Rendered visitor/index.html.haml within layouts/application (1.7ms)
  Rendered layouts/_header.html.haml (3.2ms)
  Rendered layouts/_footer.html.haml (1.0ms)
Completed 200 OK in 27ms (Views: 26.7ms)


Started GET "/?utf8=%E2%9C%93&s=test&commit=Buscar" for ::1 at 2020-10-09 13:07:02 -0500
Processing by VisitorController#index as HTML
  Parameters: {"utf8"=>"✓", "s"=>"test", "commit"=>"Buscar"}
  Rendering visitor/index.html.haml within layouts/application
  Rendered visitor/index.html.haml within layouts/application (1.9ms)
  Rendered layouts/_header.html.haml (2.6ms)
  Rendered layouts/_footer.html.haml (0.9ms)
Completed 200 OK in 15ms (Views: 14.2ms)


Started GET "/" for ::1 at 2020-10-09 13:07:05 -0500
Processing by VisitorController#index as HTML
  Rendering visitor/index.html.haml within layouts/application
  Rendered visitor/index.html.haml within layouts/application (1.7ms)
  Rendered layouts/_header.html.haml (2.6ms)
  Rendered layouts/_footer.html.haml (1.1ms)
Completed 200 OK in 15ms (Views: 14.6ms)


Started GET "/" for ::1 at 2020-10-09 13:07:31 -0500
Processing by VisitorController#index as HTML
  Rendering visitor/index.html.haml within layouts/application
  Rendered visitor/index.html.haml within layouts/application (2.5ms)
  Rendered layouts/_header.html.haml (3.4ms)
  Rendered layouts/_footer.html.haml (1.5ms)
Completed 200 OK in 20ms (Views: 18.8ms)


Started GET "/" for ::1 at 2020-10-09 13:07:48 -0500
Processing by VisitorController#index as HTML
  Rendering visitor/index.html.haml within layouts/application
  Rendered visitor/index.html.haml within layouts/application (0.8ms)
  Rendered layouts/_header.html.haml (2.7ms)
  Rendered layouts/_footer.html.haml (1.1ms)
Completed 200 OK in 14ms (Views: 13.5ms)


Started GET "/" for ::1 at 2020-10-09 13:08:21 -0500
Processing by VisitorController#index as HTML
  Rendering visitor/index.html.haml within layouts/application
  Rendered visitor/index.html.haml within layouts/application (0.9ms)
  Rendered layouts/_header.html.haml (3.0ms)
  Rendered layouts/_footer.html.haml (1.0ms)
Completed 200 OK in 26ms (Views: 25.0ms)


